[0m12:17:54.853145 [debug] [MainThread]: Sending event: {'category': 'dbt', 'action': 'invocation', 'label': 'start', 'context': [<snowplow_tracker.self_describing_json.SelfDescribingJson object at 0x7f806bd0f620>, <snowplow_tracker.self_describing_json.SelfDescribingJson object at 0x7f806ad58800>, <snowplow_tracker.self_describing_json.SelfDescribingJson object at 0x7f806bcc3d40>]}


============================== 12:17:54.855532 | b00b5b6a-e372-4710-9a08-687ee13a4ef9 ==============================
[0m12:17:54.855532 [info ] [MainThread]: Running with dbt=1.8.6
[0m12:17:54.856043 [debug] [MainThread]: running dbt with arguments {'printer_width': '80', 'indirect_selection': 'eager', 'log_cache_events': 'False', 'write_json': 'True', 'partial_parse': 'True', 'cache_selected_only': 'False', 'profiles_dir': '/home/cris/.dbt', 'fail_fast': 'False', 'debug': 'False', 'log_path': 'logs', 'version_check': 'True', 'warn_error': 'None', 'use_colors': 'True', 'use_experimental_parser': 'False', 'empty': 'None', 'quiet': 'False', 'no_print': 'None', 'log_format': 'default', 'invocation_command': 'dbt init', 'warn_error_options': 'WarnErrorOptions(include=[], exclude=[])', 'introspect': 'True', 'target_path': 'None', 'static_parser': 'True', 'send_anonymous_usage_stats': 'True'}
[0m12:18:00.922009 [debug] [MainThread]: Starter project path: /home/cris/Documents/dev2024/docker-data-ing/custom-elt-project/dbt-env/lib/python3.12/site-packages/dbt/include/starter_project
[0m12:18:00.935877 [info ] [MainThread]: 
Your new dbt project "my_proyect" was created!

For more information on how to configure the profiles.yml file,
please consult the dbt documentation here:

  https://docs.getdbt.com/docs/configure-your-profile

One more thing:

Need help? Don't hesitate to reach out to us via GitHub issues or on Slack:

  https://community.getdbt.com/

Happy modeling!

[0m12:18:00.936432 [info ] [MainThread]: Setting up your profile.
[0m12:22:32.106309 [info ] [MainThread]: Profile my_proyect written to /home/cris/.dbt/profiles.yml using target's profile_template.yml and your supplied values. Run 'dbt debug' to validate the connection.
[0m12:22:32.108676 [debug] [MainThread]: Resource report: {"command_name": "init", "command_success": true, "command_wall_clock_time": 277.28638, "process_user_time": 0.841619, "process_kernel_time": 0.079335, "process_mem_max_rss": "91524", "process_in_blocks": "36184", "process_out_blocks": "88"}
[0m12:22:32.110112 [debug] [MainThread]: Command `dbt init` succeeded at 12:22:32.109973 after 277.29 seconds
[0m12:22:32.110567 [debug] [MainThread]: Sending event: {'category': 'dbt', 'action': 'invocation', 'label': 'end', 'context': [<snowplow_tracker.self_describing_json.SelfDescribingJson object at 0x7f806a9933b0>, <snowplow_tracker.self_describing_json.SelfDescribingJson object at 0x7f806b211340>, <snowplow_tracker.self_describing_json.SelfDescribingJson object at 0x7f806b46d640>]}
[0m12:22:32.110986 [debug] [MainThread]: Flushing usage events
